Open website page
Click on Alert button
Click on SignIn button
Enter User's Email ID
Enter User's Password
Click on Login button
User clicked on Product button
User clicked on Book Now button
Open website page
Click on Alert button
Click on SignIn button
Enter User's Email ID
Enter User's Password
Click on Login button
User clicked on Product button
User clicked on Book Now button
Click on Cart Icon
Printing Quantity of the product before increasing the count
Click on Plus button
Printing Quantity of the product after increasing the count
Open website page
Click on Alert button
Click on SignIn button
Enter User's Email ID
Enter User's Password
Click on Login button
Click on My Account
Click on View Order Confirmation button
Open website page
Click on Alert button
Click on SignIn button
Enter User's Email ID
Enter User's Password
Click on Login button
Click on My Account
Click on View Order Confirmation button
Open website page
Click on Alert button
Click on SignIn button
Enter User's Email ID
Enter User's Password
Click on Login button
Click on My Account
Click on View Order Confirmation button
Open website page
Click on Alert button
Click on SignIn button
Enter User's Email ID
Enter User's Password
Click on Login button
Click on My Account
Click on View Order Confirmation button
Open website page
Click on Alert button
Click on SignIn button
Enter User's Email ID
Enter User's Password
Click on Login button
Click on My Account
Click on View Order Confirmation button
Open website page
Click on Alert button
Click on SignIn button
Enter User's Email ID
Enter User's Password
Click on Login button
Click on My Account
Click on View Order Confirmation button
Open website page
Click on Alert button
Click on SignIn button
Enter User's Email ID
Enter User's Password
Click on Login button
User is successfully Login to the website
Website is open
User clicked on Alert button
User clicked on Product button
User clicked on Book Now button
Click on Cart icon
Open Website
Click on Alert button
Click on SignIn button
Enter User Email
Enter Password
Click on Submit button
Click on My Account
User is successfully landed to order info page
Open Website
Click on Alert button
Click on SignIn button
Enter User Email
Enter Password
Click on Submit button
Click on My Account
Open website page
Click on Alert button
Click on SignIn button
Enter User's Email ID
Enter User's Password
Click on Login button
User clicked on Product button
User clicked on Book Now button
Click on Cart Icon
Printing Quantity of the product before increasing the count
Click on Plus button
Printing Quantity of the product after increasing the count
Open website page
Click on Alert button
Click on SignIn button
Enter User's Email ID
Enter User's Password
Click on Login button
Click on My Account
Click on View Order Confirmation button
